Using pre-set license
Built from '2020.3/staging' branch; Version is '2020.3.0f1 (c7b5465681fb) revision 13088070'; Using compiler version '192528614'; Build Type 'Release'
OS: 'Windows 10 Home; OS build 19041.867; Version 2004; 64bit' Language: 'en' Physical Memory: 32646 MB
BatchMode: 1, IsHumanControllingUs: 0, StartBugReporterOnCrash: 0, Is64bit: 1, IsPro: 0

 COMMAND LINE ARGUMENTS:
D:\Unity Engines\2020.3.0f1\Editor\Unity.exe
-adb2
-batchMode
-noUpm
-name
AssetImportWorker0
-projectPath
C:/Users/ec17k/Downloads/Engine4Week6Lab-master/Engine4Week6Lab-master
-logFile
Logs/AssetImportWorker0.log
-srvPort
51623
Successfully changed project path to: C:/Users/ec17k/Downloads/Engine4Week6Lab-master/Engine4Week6Lab-master
C:/Users/ec17k/Downloads/Engine4Week6Lab-master/Engine4Week6Lab-master
Using Asset Import Pipeline V2.
Refreshing native plugins compatible for Editor in 34.08 ms, found 0 plugins.
Preloading 0 native plugins for Editor in 0.00 ms.
Initialize engine version: 2020.3.0f1 (c7b5465681fb)
[Subsystems] Discovering subsystems at path D:/Unity Engines/2020.3.0f1/Editor/Data/Resources/UnitySubsystems
[Subsystems] Discovering subsystems at path C:/Users/ec17k/Downloads/Engine4Week6Lab-master/Engine4Week6Lab-master/Assets
GfxDevice: creating device client; threaded=0
Direct3D:
    Version:  Direct3D 11.0 [level 11.1]
    Renderer: Radeon Pro 570X (ID=0x67df)
    Vendor:   
    VRAM:     4076 MB
    Driver:   25.20.15024.4
Initialize mono
Mono path[0] = 'D:/Unity Engines/2020.3.0f1/Editor/Data/Managed'
Mono path[1] = 'D:/Unity Engines/2020.3.0f1/Editor/Data/MonoBleedingEdge/lib/mono/unityjit'
Mono config path = 'D:/Unity Engines/2020.3.0f1/Editor/Data/MonoBleedingEdge/etc'
Using monoOptions --debugger-agent=transport=dt_socket,embedding=1,server=y,suspend=n,address=127.0.0.1:56320
Begin MonoManager ReloadAssembly
Registering precompiled unity dll's ...
Register platform support module: D:/Unity Engines/2020.3.0f1/Editor/Data/PlaybackEngines/MacStandaloneSupport/UnityEditor.OSXStandalone.Extensions.dll
Register platform support module: D:/Unity Engines/2020.3.0f1/Editor/Data/PlaybackEngines/WindowsStandaloneSupport/UnityEditor.WindowsStandalone.Extensions.dll
Registered in 0.001858 seconds.
Native extension for WindowsStandalone target not found
Native extension for OSXStandalone target not found
Refreshing native plugins compatible for Editor in 37.23 ms, found 0 plugins.
Preloading 0 native plugins for Editor in 0.00 ms.
Invoked RoslynAnalysisRunner static constructor.
RoslynAnalysisRunner will not be running.
RoslynAnalysisRunner has terminated.
Mono: successfully reloaded assembly
- Completed reload, in  1.095 seconds
Platform modules already initialized, skipping
Registering precompiled user dll's ...
Registered in 0.000839 seconds.
Begin MonoManager ReloadAssembly
Native extension for WindowsStandalone target not found
Native extension for OSXStandalone target not found
Refreshing native plugins compatible for Editor in 37.54 ms, found 0 plugins.
Preloading 0 native plugins for Editor in 0.00 ms.
Invoked RoslynAnalysisRunner static constructor.
RoslynAnalysisRunner will not be running.
RoslynAnalysisRunner has terminated.
Mono: successfully reloaded assembly
- Completed reload, in  1.179 seconds
Platform modules already initialized, skipping
========================================================================
Worker process is ready to serve import requests
Launched and connected shader compiler UnityShaderCompiler.exe after 0.04 seconds
Refreshing native plugins compatible for Editor in 0.32 ms, found 0 plugins.
Preloading 0 native plugins for Editor in 0.00 ms.
Unloading 1961 Unused Serialized files (Serialized files now loaded: 0)
System memory in use before: 91.8 MB.
System memory in use after: 91.8 MB.

Unloading 106 unused Assets to reduce memory usage. Loaded Objects now: 2398.
Total: 2.622200 ms (FindLiveObjects: 0.241200 ms CreateObjectMapping: 0.243300 ms MarkObjects: 1.962400 ms  DeleteObjects: 0.174600 ms)

========================================================================
Received Import Request.
  path: Assets/Scenes/GameLevel.unity
  artifactKey: Guid(37997ba87c507cc4eaf95b7d36623f3d) Importer(815301076,1909f56bfc062723c751e8b465ee728b)
Start importing Assets/Scenes/GameLevel.unity using Guid(37997ba87c507cc4eaf95b7d36623f3d) Importer(815301076,1909f56bfc062723c751e8b465ee728b)  -> (artifact id: '800bdb513af1476584ebd139dc9de916') in 0.008162 seconds
  Import took 0.011102 seconds .

========================================================================
Received Import Request.
  Time since last request: 0.000234 seconds.
  path: Assets/Scenes/PrototypeScene.unity
  artifactKey: Guid(9fc0d4010bbf28b4594072e72b8655ab) Importer(815301076,1909f56bfc062723c751e8b465ee728b)
Start importing Assets/Scenes/PrototypeScene.unity using Guid(9fc0d4010bbf28b4594072e72b8655ab) Importer(815301076,1909f56bfc062723c751e8b465ee728b)  -> (artifact id: 'f15278cb0343bd7eb17e119760d5e61a') in 0.006147 seconds
  Import took 0.009344 seconds .

========================================================================
Received Import Request.
  Time since last request: 5.430612 seconds.
  path: Assets/Scenes/GameLevel
  artifactKey: Guid(be6cefbeebe251f4fb3975eb1d0ed8f8) Importer(815301076,1909f56bfc062723c751e8b465ee728b)
Start importing Assets/Scenes/GameLevel using Guid(be6cefbeebe251f4fb3975eb1d0ed8f8) Importer(815301076,1909f56bfc062723c751e8b465ee728b)  -> (artifact id: 'f07b3e1308bc36a7115fae0a5b922db1') in 0.007111 seconds
  Import took 0.010378 seconds .

========================================================================
Received Import Request.
  Time since last request: 0.031264 seconds.
  path: Assets/Scenes/GameLevel/NavMesh.asset
  artifactKey: Guid(7952bf71486ac664caf2bbc9866570db) Importer(815301076,1909f56bfc062723c751e8b465ee728b)
Start importing Assets/Scenes/GameLevel/NavMesh.asset using Guid(7952bf71486ac664caf2bbc9866570db) Importer(815301076,1909f56bfc062723c751e8b465ee728b)  -> (artifact id: 'a071a1dca5555c4037aa4d689a7c698f') in 0.017024 seconds
  Import took 0.019856 seconds .

========================================================================
Received Prepare
Registering precompiled user dll's ...
Registered in 0.000759 seconds.
Begin MonoManager ReloadAssembly
Native extension for WindowsStandalone target not found
Native extension for OSXStandalone target not found
Refreshing native plugins compatible for Editor in 0.33 ms, found 0 plugins.
Preloading 0 native plugins for Editor in 0.00 ms.
Warning: Annotation not found!
UnityEngine.StackTraceUtility:ExtractStackTrace ()
UnityEditor.ProBuilder.EditorUtility:SetGizmoIconEnabled (System.Type,bool) (at Library/PackageCache/com.unity.probuilder@4.4.0/Editor/EditorCore/EditorUtility.cs:593)
UnityEditor.ProBuilder.HierarchyListener:.cctor () (at Library/PackageCache/com.unity.probuilder@4.4.0/Editor/EditorCore/HierarchyListener.cs:21)
System.Runtime.CompilerServices.RuntimeHelpers:RunClassConstructor (System.RuntimeTypeHandle)
UnityEditor.EditorAssemblies:ProcessInitializeOnLoadAttributes (System.Type[])

[Library/PackageCache/com.unity.probuilder@4.4.0/Editor/EditorCore/EditorUtility.cs line 593]

Invoked RoslynAnalysisRunner static constructor.
RoslynAnalysisRunner will not be running.
RoslynAnalysisRunner has terminated.
Mono: successfully reloaded assembly
- Completed reload, in  1.064 seconds
Platform modules already initialized, skipping
Refreshing native plugins compatible for Editor in 0.31 ms, found 0 plugins.
Preloading 0 native plugins for Editor in 0.00 ms.
Unloading 1907 Unused Serialized files (Serialized files now loaded: 0)
System memory in use before: 88.5 MB.
System memory in use after: 88.6 MB.

Unloading 6 unused Assets to reduce memory usage. Loaded Objects now: 2401.
Total: 2.149700 ms (FindLiveObjects: 0.181400 ms CreateObjectMapping: 0.070600 ms MarkObjects: 1.833700 ms  DeleteObjects: 0.062900 ms)

========================================================================
Received Prepare
Registering precompiled user dll's ...
Registered in 0.000839 seconds.
Begin MonoManager ReloadAssembly
Native extension for WindowsStandalone target not found
Native extension for OSXStandalone target not found
Refreshing native plugins compatible for Editor in 0.36 ms, found 0 plugins.
Preloading 0 native plugins for Editor in 0.00 ms.
Warning: Annotation not found!
UnityEngine.StackTraceUtility:ExtractStackTrace ()
UnityEditor.ProBuilder.EditorUtility:SetGizmoIconEnabled (System.Type,bool) (at Library/PackageCache/com.unity.probuilder@4.4.0/Editor/EditorCore/EditorUtility.cs:593)
UnityEditor.ProBuilder.HierarchyListener:.cctor () (at Library/PackageCache/com.unity.probuilder@4.4.0/Editor/EditorCore/HierarchyListener.cs:21)
System.Runtime.CompilerServices.RuntimeHelpers:RunClassConstructor (System.RuntimeTypeHandle)
UnityEditor.EditorAssemblies:ProcessInitializeOnLoadAttributes (System.Type[])

[Library/PackageCache/com.unity.probuilder@4.4.0/Editor/EditorCore/EditorUtility.cs line 593]

Invoked RoslynAnalysisRunner static constructor.
RoslynAnalysisRunner will not be running.
RoslynAnalysisRunner has terminated.
Mono: successfully reloaded assembly
- Completed reload, in  1.062 seconds
Platform modules already initialized, skipping
Refreshing native plugins compatible for Editor in 0.37 ms, found 0 plugins.
Preloading 0 native plugins for Editor in 0.00 ms.
Unloading 1907 Unused Serialized files (Serialized files now loaded: 0)
System memory in use before: 88.6 MB.
System memory in use after: 88.7 MB.

Unloading 6 unused Assets to reduce memory usage. Loaded Objects now: 2404.
Total: 2.748900 ms (FindLiveObjects: 0.216400 ms CreateObjectMapping: 0.160500 ms MarkObjects: 2.300600 ms  DeleteObjects: 0.069700 ms)

========================================================================
Received Prepare
Registering precompiled user dll's ...
Registered in 0.000882 seconds.
Begin MonoManager ReloadAssembly
Native extension for WindowsStandalone target not found
Native extension for OSXStandalone target not found
Refreshing native plugins compatible for Editor in 0.40 ms, found 0 plugins.
Preloading 0 native plugins for Editor in 0.00 ms.
Warning: Annotation not found!
UnityEngine.StackTraceUtility:ExtractStackTrace ()
UnityEditor.ProBuilder.EditorUtility:SetGizmoIconEnabled (System.Type,bool) (at Library/PackageCache/com.unity.probuilder@4.4.0/Editor/EditorCore/EditorUtility.cs:593)
UnityEditor.ProBuilder.HierarchyListener:.cctor () (at Library/PackageCache/com.unity.probuilder@4.4.0/Editor/EditorCore/HierarchyListener.cs:21)
System.Runtime.CompilerServices.RuntimeHelpers:RunClassConstructor (System.RuntimeTypeHandle)
UnityEditor.EditorAssemblies:ProcessInitializeOnLoadAttributes (System.Type[])

[Library/PackageCache/com.unity.probuilder@4.4.0/Editor/EditorCore/EditorUtility.cs line 593]

Invoked RoslynAnalysisRunner static constructor.
RoslynAnalysisRunner will not be running.
RoslynAnalysisRunner has terminated.
Mono: successfully reloaded assembly
- Completed reload, in  1.001 seconds
Platform modules already initialized, skipping
Refreshing native plugins compatible for Editor in 0.34 ms, found 0 plugins.
Preloading 0 native plugins for Editor in 0.00 ms.
Unloading 1907 Unused Serialized files (Serialized files now loaded: 0)
System memory in use before: 88.6 MB.
System memory in use after: 88.7 MB.

Unloading 6 unused Assets to reduce memory usage. Loaded Objects now: 2407.
Total: 4.003100 ms (FindLiveObjects: 0.171300 ms CreateObjectMapping: 0.078600 ms MarkObjects: 3.675500 ms  DeleteObjects: 0.076100 ms)

========================================================================
Received Prepare
Registering precompiled user dll's ...
Registered in 0.000764 seconds.
Begin MonoManager ReloadAssembly
Native extension for WindowsStandalone target not found
Native extension for OSXStandalone target not found
Refreshing native plugins compatible for Editor in 0.32 ms, found 0 plugins.
Preloading 0 native plugins for Editor in 0.00 ms.
Warning: Annotation not found!
UnityEngine.StackTraceUtility:ExtractStackTrace ()
UnityEditor.ProBuilder.EditorUtility:SetGizmoIconEnabled (System.Type,bool) (at Library/PackageCache/com.unity.probuilder@4.4.0/Editor/EditorCore/EditorUtility.cs:593)
UnityEditor.ProBuilder.HierarchyListener:.cctor () (at Library/PackageCache/com.unity.probuilder@4.4.0/Editor/EditorCore/HierarchyListener.cs:21)
System.Runtime.CompilerServices.RuntimeHelpers:RunClassConstructor (System.RuntimeTypeHandle)
UnityEditor.EditorAssemblies:ProcessInitializeOnLoadAttributes (System.Type[])

[Library/PackageCache/com.unity.probuilder@4.4.0/Editor/EditorCore/EditorUtility.cs line 593]

Invoked RoslynAnalysisRunner static constructor.
RoslynAnalysisRunner will not be running.
RoslynAnalysisRunner has terminated.
Mono: successfully reloaded assembly
- Completed reload, in  0.848 seconds
Platform modules already initialized, skipping
Refreshing native plugins compatible for Editor in 0.31 ms, found 0 plugins.
Preloading 0 native plugins for Editor in 0.00 ms.
Unloading 1907 Unused Serialized files (Serialized files now loaded: 0)
System memory in use before: 88.6 MB.
System memory in use after: 88.7 MB.

Unloading 6 unused Assets to reduce memory usage. Loaded Objects now: 2410.
Total: 2.244500 ms (FindLiveObjects: 0.211500 ms CreateObjectMapping: 0.066600 ms MarkObjects: 1.907400 ms  DeleteObjects: 0.058000 ms)

========================================================================
Received Import Request.
  Time since last request: 2101.323425 seconds.
  path: Assets/Scripts/Character
  artifactKey: Guid(1d7e247b5b939894b95501935a2a44b6) Importer(815301076,1909f56bfc062723c751e8b465ee728b)
Start importing Assets/Scripts/Character using Guid(1d7e247b5b939894b95501935a2a44b6) Importer(815301076,1909f56bfc062723c751e8b465ee728b)  -> (artifact id: '6e035feda096896e72d42a01a6d8378a') in 0.008757 seconds
  Import took 0.012054 seconds .

========================================================================
Received Import Request.
  Time since last request: 0.884134 seconds.
  path: Assets/Scripts/Character/CrosshairScript.cs
  artifactKey: Guid(9395e1d68be36284dbae4886adeac8ed) Importer(815301076,1909f56bfc062723c751e8b465ee728b)
Start importing Assets/Scripts/Character/CrosshairScript.cs using Guid(9395e1d68be36284dbae4886adeac8ed) Importer(815301076,1909f56bfc062723c751e8b465ee728b)  -> (artifact id: '9ac93857421e0cb9238ea63af3bbcc68') in 0.010777 seconds
  Import took 0.013873 seconds .

========================================================================
Received Import Request.
  Time since last request: 0.002905 seconds.
  path: Assets/Scripts/Character/CrosshairScript.cs
  artifactKey: Guid(9395e1d68be36284dbae4886adeac8ed) Importer(815301076,1909f56bfc062723c751e8b465ee728b)
Start importing Assets/Scripts/Character/CrosshairScript.cs using Guid(9395e1d68be36284dbae4886adeac8ed) Importer(815301076,1909f56bfc062723c751e8b465ee728b)  -> (artifact id: '9ac93857421e0cb9238ea63af3bbcc68') in 0.001787 seconds
  Import took 0.004546 seconds .

========================================================================
Received Import Request.
  Time since last request: 96.601636 seconds.
  path: Assets/Scenes/GameLevel.unity
  artifactKey: Guid(37997ba87c507cc4eaf95b7d36623f3d) Importer(815301076,1909f56bfc062723c751e8b465ee728b)
Start importing Assets/Scenes/GameLevel.unity using Guid(37997ba87c507cc4eaf95b7d36623f3d) Importer(815301076,1909f56bfc062723c751e8b465ee728b)  -> (artifact id: '82e3afbe80d7f9a66309b31d2ed77706') in 0.004009 seconds
  Import took 0.007940 seconds .

========================================================================
Received Import Request.
  Time since last request: 31.596897 seconds.
  path: Assets/Scenes/EnvironmentScene.unity
  artifactKey: Guid(37997ba87c507cc4eaf95b7d36623f3d) Importer(815301076,1909f56bfc062723c751e8b465ee728b)
Start importing Assets/Scenes/EnvironmentScene.unity using Guid(37997ba87c507cc4eaf95b7d36623f3d) Importer(815301076,1909f56bfc062723c751e8b465ee728b)  -> (artifact id: '97dce11be7c774c5a5041d39378a7b0c') in 0.006198 seconds
  Import took 0.009312 seconds .

AssetImportWorkerClient::OnTransportError - code=2 error=End of file
